<?xml version="1.0" encoding="UTF-8"?>
<!-- Generated by org.testng.reporters.JUnitReportReporter -->
<testsuite hostname="DESKTOP-O7HFG9C" name="testNG.Print_Headerpage" tests="1" failures="0" timestamp="10 Mar 2018 17:05:44 GMT" time="3.254" errors="0">
  <testcase name="Printing_Headers" time="3.254" classname="testNG.Print_Headerpage"/>
</testsuite> <!-- testNG.Print_Headerpage -->
