<?xml version="1.0" encoding="UTF-8"?>
<!-- Generated by org.testng.reporters.JUnitReportReporter -->
<testsuite hostname="DESKTOP-O7HFG9C" name="testNG.HMS_Mouseoveractions" tests="1" failures="0" timestamp="11 Mar 2018 06:53:04 GMT" time="9.340" errors="0">
  <testcase name="Mouseover" time="9.340" classname="testNG.HMS_Mouseoveractions"/>
</testsuite> <!-- testNG.HMS_Mouseoveractions -->
