<?xml version="1.0" encoding="UTF-8"?>
<!-- Generated by org.testng.reporters.JUnitReportReporter -->
<testsuite hostname="DESKTOP-O7HFG9C" name="TestNGS.Print_alldropdownbuttons" tests="1" failures="0" timestamp="12 Mar 2018 11:42:13 GMT" time="0.408" errors="0">
  <testcase name="f" time="0.408" classname="TestNGS.Print_alldropdownbuttons"/>
</testsuite> <!-- TestNGS.Print_alldropdownbuttons -->
