<?xml version="1.0" encoding="UTF-8"?>
<!-- Generated by org.testng.reporters.JUnitReportReporter -->
<testsuite hostname="DESKTOP-O7HFG9C" name="testNG.HMS_login" tests="2" failures="0" timestamp="10 Mar 2018 12:52:13 GMT" time="13.757" errors="0">
  <testcase name="verifying_Logout" time="3.176" classname="testNG.HMS_login"/>
  <testcase name="verifying_Login" time="10.581" classname="testNG.HMS_login"/>
</testsuite> <!-- testNG.HMS_login -->
