<?xml version="1.0" encoding="UTF-8"?>
<!-- Generated by org.testng.reporters.JUnitReportReporter -->
<testsuite hostname="DESKTOP-O7HFG9C" name="testNG_HMS.HMS_Fullpage" tests="1" failures="0" timestamp="13 Mar 2018 15:34:03 GMT" time="42.738" errors="0">
  <testcase name="f" time="42.738" classname="testNG_HMS.HMS_Fullpage"/>
</testsuite> <!-- testNG_HMS.HMS_Fullpage -->
