<?xml version="1.0" encoding="UTF-8"?>
<!-- Generated by org.testng.reporters.JUnitReportReporter -->
<testsuite hostname="DESKTOP-O7HFG9C" name="testNG.Print_alldropdown_HMS" tests="1" failures="0" timestamp="13 Mar 2018 07:16:40 GMT" time="16.693" errors="0">
  <testcase name="f" time="16.693" classname="testNG.Print_alldropdown_HMS"/>
</testsuite> <!-- testNG.Print_alldropdown_HMS -->
