<?xml version="1.0" encoding="UTF-8"?>
<!-- Generated by org.testng.reporters.JUnitReportReporter -->
<testsuite hostname="DESKTOP-O7HFG9C" name="testNG.Print_Alldropdown_buttons" tests="1" failures="0" timestamp="13 Mar 2018 07:15:24 GMT" time="0.061" errors="0">
  <testcase name="f" time="0.061" classname="testNG.Print_Alldropdown_buttons"/>
</testsuite> <!-- testNG.Print_Alldropdown_buttons -->
