<?xml version="1.0" encoding="UTF-8"?>
<!-- Generated by org.testng.reporters.JUnitReportReporter -->
<testsuite hostname="DESKTOP-O7HFG9C" name="TestNGS.spicejet_Links" tests="1" failures="0" timestamp="13 Mar 2018 07:18:51 GMT" time="10.030" errors="0">
  <testcase name="f" time="10.030" classname="TestNGS.spicejet_Links"/>
</testsuite> <!-- TestNGS.spicejet_Links -->
