<?xml version="1.0" encoding="UTF-8"?>
<!-- Generated by org.testng.reporters.JUnitReportReporter -->
<testsuite hostname="DESKTOP-O7HFG9C" name="testNG.HMS_Fullpage" tests="1" failures="0" timestamp="11 Mar 2018 13:14:25 GMT" time="43.697" errors="0">
  <testcase name="f" time="43.697" classname="testNG.HMS_Fullpage"/>
</testsuite> <!-- testNG.HMS_Fullpage -->
