<?xml version="1.0" encoding="UTF-8"?>
<!-- Generated by org.testng.reporters.JUnitReportReporter -->
<testsuite hostname="DESKTOP-O7HFG9C" name="TestNGS.Print_dropdown_Adults" tests="1" failures="0" timestamp="12 Mar 2018 11:59:30 GMT" time="0.592" errors="0">
  <testcase name="f" time="0.592" classname="TestNGS.Print_dropdown_Adults"/>
</testsuite> <!-- TestNGS.Print_dropdown_Adults -->
