<?xml version="1.0" encoding="UTF-8"?>
<!-- Generated by org.testng.reporters.JUnitReportReporter -->
<testsuite hostname="DESKTOP-O7HFG9C" name="TestNGS.Print_Headerbutton" tests="1" failures="0" timestamp="11 Mar 2018 12:03:02 GMT" time="0.035" errors="0">
  <testcase name="f" time="0.035" classname="TestNGS.Print_Headerbutton"/>
</testsuite> <!-- TestNGS.Print_Headerbutton -->
