<?xml version="1.0" encoding="UTF-8"?>
<!-- Generated by org.testng.reporters.JUnitReportReporter -->
<testsuite hostname="DESKTOP-O7HFG9C" name="testNG_FaceBook.Creating_Accouant" tests="1" failures="0" timestamp="13 Mar 2018 15:34:30 GMT" time="1.302" errors="0">
  <testcase name="f" time="1.302" classname="testNG_FaceBook.Creating_Accouant"/>
</testsuite> <!-- testNG_FaceBook.Creating_Accouant -->
