<?xml version="1.0" encoding="UTF-8"?>
<!-- Generated by org.testng.reporters.JUnitReportReporter -->
<testsuite hostname="DESKTOP-O7HFG9C" name="TestNGS.spicejet" tests="1" failures="0" timestamp="11 Mar 2018 11:25:10 GMT" time="10.416" errors="0">
  <testcase name="f" time="10.416" classname="TestNGS.spicejet"/>
</testsuite> <!-- TestNGS.spicejet -->
