<?xml version="1.0" encoding="UTF-8"?>
<!-- Generated by org.testng.reporters.JUnitReportReporter -->
<testsuite hostname="DESKTOP-O7HFG9C" name="testNG.HMS_Login_RegistrationPage" tests="2" failures="0" timestamp="11 Mar 2018 07:25:35 GMT" time="18.802" errors="0">
  <testcase name="verifying_Registration" time="9.472" classname="testNG.HMS_Login_RegistrationPage"/>
  <testcase name="verifyingLogin" time="9.330" classname="testNG.HMS_Login_RegistrationPage"/>
</testsuite> <!-- testNG.HMS_Login_RegistrationPage -->
