<?xml version="1.0" encoding="UTF-8"?>
<!-- Generated by org.testng.reporters.JUnitReportReporter -->
<testsuite hostname="DESKTOP-O7HFG9C" name="testNG.HMS_ToolTip" tests="1" failures="0" timestamp="11 Mar 2018 05:09:54 GMT" time="0.135" errors="0">
  <testcase name="f" time="0.135" classname="testNG.HMS_ToolTip"/>
</testsuite> <!-- testNG.HMS_ToolTip -->
