<?xml version="1.0" encoding="UTF-8"?>
<!-- Generated by org.testng.reporters.JUnitReportReporter -->
<testsuite hostname="DESKTOP-O7HFG9C" name="testNG.HMS_Links" tests="1" failures="0" timestamp="10 Mar 2018 13:52:46 GMT" time="0.902" errors="0">
  <testcase name="verifying_Links" time="0.902" classname="testNG.HMS_Links"/>
</testsuite> <!-- testNG.HMS_Links -->
